<?xml version="1.0" encoding="UTF-8"?>
<testng-results skipped="0" failed="0" ignored="0" total="1" passed="1">
  <reporter-output>
  </reporter-output>
  <suite name="Default suite" duration-ms="15740" started-at="2017-09-24T06:06:10Z" finished-at="2017-09-24T06:06:26Z">
    <groups>
    </groups>
    <test name="Default test" duration-ms="15740" started-at="2017-09-24T06:06:10Z" finished-at="2017-09-24T06:06:26Z">
      <class name="script.TestNo1">
        <test-method status="PASS" signature="openApplication()[pri:0, instance:script.TestNo1@675d3402]" name="openApplication" is-config="true" duration-ms="2929" started-at="2017-09-24T11:36:10Z" finished-at="2017-09-24T11:36:13Z">
          <reporter-output>
          </reporter-output>
        </test-method> <!-- openApplication -->
        <test-method status="PASS" signature="testvalidLogin()[pri:1, instance:script.TestNo1@675d3402]" name="testvalidLogin" duration-ms="10466" started-at="2017-09-24T11:36:13Z" finished-at="2017-09-24T11:36:24Z">
          <reporter-output>
          </reporter-output>
        </test-method> <!-- testvalidLogin -->
        <test-method status="PASS" signature="closeApplication()[pri:0, instance:script.TestNo1@675d3402]" name="closeApplication" is-config="true" duration-ms="2329" started-at="2017-09-24T11:36:24Z" finished-at="2017-09-24T11:36:26Z">
          <reporter-output>
          </reporter-output>
        </test-method> <!-- closeApplication -->
      </class> <!-- script.TestNo1 -->
    </test> <!-- Default test -->
  </suite> <!-- Default suite -->
</testng-results>
